<?xml version="1.0" encoding="UTF-8"?>
<!-- Generated by org.testng.reporters.JUnitReportReporter -->
<testsuite ignored="0" hostname="LAPTOP-DFUCNCIC" failures="0" tests="3" name="testModel1.SignInTestCase" time="3.816" errors="0" timestamp="14 Aug 2021 00:30:07 GMT" skipped="0">
  <testcase classname="testModel1.SignInTestCase" name="SignUpPage_appears" time="0.914"/>
  <testcase classname="testModel1.SignInTestCase" name="SignUpPage_appears" time="1.793"/>
  <testcase classname="testModel1.SignInTestCase" name="SignUpPage_appears" time="1.109"/>
</testsuite> <!-- testModel1.SignInTestCase -->
