<?xml version="1.0" encoding="UTF-8"?>
<!-- Generated by org.testng.reporters.JUnitReportReporter -->
<testsuite hostname="LAPTOP-DFUCNCIC" failures="0" tests="3" name="testModel1.SignInTestCase" time="4.827" errors="0" timestamp="2021-08-12T21:19:07 EDT" skipped="0">
  <testcase classname="testModel1.SignInTestCase" name="SignUpPage_appears" time="1.828"/>
  <system-out/>
  <testcase classname="testModel1.SignInTestCase" name="SignUpPage_appears" time="1.490"/>
  <system-out/>
  <testcase classname="testModel1.SignInTestCase" name="SignUpPage_appears" time="1.509"/>
  <system-out/>
</testsuite> <!-- testModel1.SignInTestCase -->
